
--- Backend = gt:cpu_ifirst ---
Domain: nx = 20; ny = 20
Timesteping: courant = 0.01 dt = 0.00016666666666666666; niter = 6000
Diffusion constanc: alpha = 1.0
Order: space 3; time 3
--- Timings ---
Loop: 18.872578590991907s
Allocation: 0.00273957202443853s
Vander: 0.053730164014268667s
--- Integrals ---
initial_int = 0.4999898948695136; final_int = 0.4999872479541852
--- Error ---
L2 error: Absolute 0.0001329950911701201; Relative 0.00026599555817988864


--- Backend = gt:cpu_ifirst ---
Domain: nx = 40; ny = 40
Timesteping: courant = 0.01 dt = 8.333333333333333e-05; niter = 12000
Diffusion constanc: alpha = 1.0
Order: space 3; time 3
--- Timings ---
Loop: 40.62867261096835s
Allocation: 0.003023414989002049s
Vander: 0.05143902398413047s
--- Integrals ---
initial_int = 0.4999993664779134; final_int = 0.4999992831366297
--- Error ---
L2 error: Absolute 1.666456236177768e-05; Relative 3.332916695308215e-05


--- Backend = gt:cpu_ifirst ---
Domain: nx = 80; ny = 80
Timesteping: courant = 0.01 dt = 4.1666666666666665e-05; niter = 24000
Diffusion constanc: alpha = 1.0
Order: space 3; time 3
--- Timings ---
Loop: 102.69158134103054s
Allocation: 0.005173587007448077s
Vander: 0.05491955700563267s
--- Integrals ---
initial_int = 0.49999996037432765; final_int = 0.49999995775074046
--- Error ---
L2 error: Absolute 2.08439305323254e-06; Relative 4.168786436847011e-06


--- Backend = gt:cpu_ifirst ---
Domain: nx = 160; ny = 160
Timesteping: courant = 0.01 dt = 2.0833333333333333e-05; niter = 48000
Diffusion constanc: alpha = 1.0
Order: space 3; time 3
--- Timings ---
Loop: 544.7911413070397s
Allocation: 0.014457877026870847s
Vander: 0.09987297002226114s
--- Integrals ---
initial_int = 0.4999999975229161; final_int = 0.4999999974391145
--- Error ---
L2 error: Absolute 2.605908849982547e-07; Relative 5.211817725785314e-07

srun: Job 38701882 step creation temporarily disabled, retrying (Requested nodes are busy)
srun: Step created for job 38701882

--- Backend = gt:cpu_ifirst ---
Domain: nx = 320; ny = 320
Timesteping: courant = 0.01 dt = 1.0416666666666666e-05; niter = 96000
Diffusion constanc: alpha = 1.0
Order: space 3; time 3
--- Timings ---
Loop: 4346.9381939980085s
Allocation: 0.04903245496097952s
Vander: 0.26692683598957956s
--- Integrals ---
initial_int = 0.4999999998451748; final_int = 0.4999999998423334
--- Error ---
L2 error: Absolute 3.257493174571082e-08; Relative 6.514986351159532e-08

srun: got SIGCONT
slurmstepd: error: *** STEP 38701882.5 ON nid00079 CANCELLED AT 2022-05-24T15:02:32 ***
srun: forcing job termination


Batch Job Summary Report (version 21.01.1) for Job "job_cpu.sh" (38701882) on daint

Job information (1/2)
-----------------------------------------------------------------------------------------------------
             Submit            Eligible               Start                 End    Elapsed Time limit
------------------- ------------------- ------------------- ------------------- ---------- ----------
2022-05-24T11:54:05 2022-05-24T11:54:06 2022-05-24T11:54:19 2022-05-24T15:02:31   03:08:12 1-00:00:00
-----------------------------------------------------------------------------------------------------

Job information (2/2)
-------------------------------------------------------------
    Username      Account    Partition   NNodes        Energy
------------ ------------ ------------ -------- -------------
     kszenes      csstaff       normal        1   3025.126 kJ

