
--- Backend = gt:cpu_ifirst ---
Domain: nx = 640; ny = 640
Timesteping: dt = 7.8125e-06; niter = 128000
Order: space 2; time 2
--- Timings ---
Loop: 5239.233870488009s
Allocation: 0.0765368029824458s
Vander: 0.16400643798988312s
--- Error ---
l2_error = CPUStorage(2.66634654e-06)

slurmstepd: error: *** STEP 38628625.1 ON nid02082 CANCELLED AT 2022-05-20T17:52:30 DUE TO TIME LIMIT ***
srun: Job step aborted: Waiting up to 92 seconds for job step to finish.
srun: got SIGCONT
srun: forcing job termination
srun: forcing job termination


Batch Job Summary Report (version 21.01.1) for Job "job_cpu.sh" (38628625) on daint

Job information (1/2)
-----------------------------------------------------------------------------------------------------
             Submit            Eligible               Start                 End    Elapsed Time limit
------------------- ------------------- ------------------- ------------------- ---------- ----------
2022-05-20T12:52:06 2022-05-20T12:52:06 2022-05-20T12:52:06 2022-05-20T17:52:30   05:00:24   05:00:00
-----------------------------------------------------------------------------------------------------

Job information (2/2)
-------------------------------------------------------------
    Username      Account    Partition   NNodes        Energy
------------ ------------ ------------ -------- -------------
     kszenes      csstaff       normal        1   3373.772 kJ

