
--- Backend = cuda ---
Domain: nx = 1280; ny = 1280
Timesteping: dt = 7.8125e-06; niter = 128000
Order: space 1; time 1
--- Timings ---
Loop: 2590.871233044003s
Allocation: 0.11722404899774119s
Vander: 1.074638148988015s
--- Error ---
l2_error = ExplicitlySyncedGPUStorage(0.00171299)

slurmstepd: error: *** STEP 38606495.1 ON nid02568 CANCELLED AT 2022-05-19T21:14:41 DUE TO TIME LIMIT ***
slurmstepd: error: *** JOB 38606495 ON nid02568 CANCELLED AT 2022-05-19T21:14:41 DUE TO TIME LIMIT ***
srun: Job step aborted: Waiting up to 92 seconds for job step to finish.
srun: got SIGCONT
srun: forcing job termination


Batch Job Summary Report (version 21.01.1) for Job "job_gpu.sh" (38606495) on daint

Job information (1/3)
-----------------------------------------------------------------------------------------------------
             Submit            Eligible               Start                 End    Elapsed Time limit
------------------- ------------------- ------------------- ------------------- ---------- ----------
2022-05-19T16:12:42 2022-05-19T16:12:42 2022-05-19T16:14:24 2022-05-19T21:14:41   05:00:17   05:00:00
-----------------------------------------------------------------------------------------------------

Job information (2/3)
-------------------------------------------------------------
    Username      Account    Partition   NNodes        Energy
------------ ------------ ------------ -------- -------------
     kszenes      csstaff       normal        1   2170.943 kJ

Job information (3/3) - GPU utilization data
----------------------------------------------------
   Node name       Usage      Max mem Execution time
------------ ----------- ------------ --------------
    nid02568        85 %      793 MiB       00:44:51
    nid02568        94 %     2199 MiB       04:14:24

