
--- Backend = gt:cpu_ifirst ---
Domain: nx = 20; ny = 20
Timesteping: dt = 0.00016666666666666666; niter = 6000
Order: space 3; time 3
--- Timings ---
Loop: 18.95952987499186s
Allocation: 0.0031802939774934202s
Vander: 0.04518856800859794s
--- Error ---
l2_error = CPUStorage(0.00055676)


--- Backend = gt:cpu_ifirst ---
Domain: nx = 40; ny = 40
Timesteping: dt = 8.333333333333333e-05; niter = 12000
Order: space 3; time 3
--- Timings ---
Loop: 40.916562257974874s
Allocation: 0.0033040879934560508s
Vander: 0.050049910991219804s
--- Error ---
l2_error = CPUStorage(0.00010915)


--- Backend = gt:cpu_ifirst ---
Domain: nx = 80; ny = 80
Timesteping: dt = 4.1666666666666665e-05; niter = 24000
Order: space 3; time 3
--- Timings ---
Loop: 105.7661238599976s
Allocation: 0.005727862997446209s
Vander: 0.06073130000731908s
--- Error ---
l2_error = CPUStorage(2.03007346e-05)


--- Backend = gt:cpu_ifirst ---
Domain: nx = 160; ny = 160
Timesteping: dt = 2.0833333333333333e-05; niter = 48000
Order: space 3; time 3
--- Timings ---
Loop: 534.0940633309947s
Allocation: 0.015316996985347942s
Vander: 0.10493090699310414s
--- Error ---
l2_error = CPUStorage(3.75356295e-06)


--- Backend = gt:cpu_ifirst ---
Domain: nx = 320; ny = 320
Timesteping: dt = 1.0416666666666666e-05; niter = 96000
Order: space 3; time 3
--- Timings ---
Loop: 3526.829700178001s
Allocation: 0.0537382299953606s
Vander: 0.25852948499959894s
--- Error ---
l2_error = CPUStorage(6.63082595e-07)


--- Backend = gt:cpu_ifirst ---
Domain: nx = 640; ny = 640
Timesteping: dt = 5.208333333333333e-06; niter = 192000
Order: space 3; time 3
--- Timings ---
Loop: 27853.20492456699s
Allocation: 0.2012832559994422s
Vander: 0.9094367419893388s
--- Error ---
l2_error = CPUStorage(1.16060295e-07)

slurmstepd: error: *** STEP 38633234.6 ON nid00232 CANCELLED AT 2022-05-21T17:04:34 DUE TO TIME LIMIT ***
srun: Job step aborted: Waiting up to 92 seconds for job step to finish.
srun: got SIGCONT
srun: forcing job termination
srun: forcing job termination


Batch Job Summary Report (version 21.01.1) for Job "order_3_benchmark.sh" (38633234) on daint

Job information (1/2)
-----------------------------------------------------------------------------------------------------
             Submit            Eligible               Start                 End    Elapsed Time limit
------------------- ------------------- ------------------- ------------------- ---------- ----------
2022-05-20T17:03:04 2022-05-20T17:03:04 2022-05-20T17:04:15 2022-05-21T17:04:34 1-00:00:19 1-00:00:00
-----------------------------------------------------------------------------------------------------

Job information (2/2)
-------------------------------------------------------------
    Username      Account    Partition   NNodes        Energy
------------ ------------ ------------ -------- -------------
     kszenes      csstaff       normal        1  22567.878 kJ

