
--- Backend = gt:cpu_ifirst ---
Domain: nx = 20; ny = 20
Timesteping: courant = 0.01 dt = 0.00016666666666666666; niter = 6000
Diffusion constanc: alpha = 1.0
Order: space 3; time 4
--- Timings ---
Loop: 25.321499755009427s
Allocation: 0.002752654007053934s
Vander: 0.0428692199930083s
--- Integrals ---
initial_int = 0.4999898948695136; final_int = 0.4999872491567323
--- Error ---
L2 error: Absolute 0.00013299506739375278; Relative 0.0002659955106261929


--- Backend = gt:cpu_ifirst ---
Domain: nx = 40; ny = 40
Timesteping: courant = 0.01 dt = 8.333333333333333e-05; niter = 12000
Diffusion constanc: alpha = 1.0
Order: space 3; time 4
--- Timings ---
Loop: 53.53942361200461s
Allocation: 0.0031131739960983396s
Vander: 0.0745546100079082s
--- Integrals ---
initial_int = 0.4999993664779134; final_int = 0.49999928328695303
--- Error ---
L2 error: Absolute 1.6664561612484357e-05; Relative 3.3329165454493604e-05


--- Backend = gt:cpu_ifirst ---
Domain: nx = 80; ny = 80
Timesteping: courant = 0.01 dt = 4.1666666666666665e-05; niter = 24000
Diffusion constanc: alpha = 1.0
Order: space 3; time 4
--- Timings ---
Loop: 137.63562161001028s
Allocation: 0.0060417399945436046s
Vander: 0.09356060100253671s
--- Integrals ---
initial_int = 0.49999996037432765; final_int = 0.49999995776952977
--- Error ---
L2 error: Absolute 2.084393029621095e-06; Relative 4.168786389624117e-06


--- Backend = gt:cpu_ifirst ---
Domain: nx = 160; ny = 160
Timesteping: courant = 0.01 dt = 2.0833333333333333e-05; niter = 48000
Diffusion constanc: alpha = 1.0
Order: space 3; time 4
--- Timings ---
Loop: 687.0273255670036s
Allocation: 0.014187087988830172s
Vander: 0.09898007800802588s
--- Integrals ---
initial_int = 0.4999999975229161; final_int = 0.4999999974414594
--- Error ---
L2 error: Absolute 2.605908842435784e-07; Relative 5.211817710691788e-07

