
--- Backend = gt:cpu_ifirst ---
Domain: nx = 20; ny = 20
Timesteping: courant = 0.01 dt = 0.00016666666666666666; niter = 6000
Diffusion constanc: alpha = 1.0
Order: space 3; time 2
--- Timings ---
Loop: 13.109817564021796s
Allocation: 0.0027621249901130795s
Vander: 0.04986781702609733s
--- Integrals ---
initial_int = 0.4999898948695136; final_int = 0.4999872527614753
--- Error ---
L2 error: Absolute 0.00013303712809584423; Relative 0.0002660796337305257


--- Backend = gt:cpu_ifirst ---
Domain: nx = 40; ny = 40
Timesteping: courant = 0.01 dt = 8.333333333333333e-05; niter = 12000
Diffusion constanc: alpha = 1.0
Order: space 3; time 2
--- Timings ---
Loop: 26.470025130955037s
Allocation: 0.0029795009759254754s
Vander: 0.05339888500748202s
--- Integrals ---
initial_int = 0.4999993664779134; final_int = 0.49999928373789826
--- Error ---
L2 error: Absolute 1.668440907060898e-05; Relative 3.336886042103812e-05


--- Backend = gt:cpu_ifirst ---
Domain: nx = 80; ny = 80
Timesteping: courant = 0.01 dt = 4.1666666666666665e-05; niter = 24000
Diffusion constanc: alpha = 1.0
Order: space 3; time 2
--- Timings ---
Loop: 69.72163493197877s
Allocation: 0.005785684974398464s
Vander: 0.06301242101471871s
--- Integrals ---
initial_int = 0.49999996037432765; final_int = 0.49999995782589735
--- Error ---
L2 error: Absolute 2.094257840767334e-06; Relative 4.188516013480194e-06


--- Backend = gt:cpu_ifirst ---
Domain: nx = 160; ny = 160
Timesteping: courant = 0.01 dt = 2.0833333333333333e-05; niter = 48000
Diffusion constanc: alpha = 1.0
Order: space 3; time 2
--- Timings ---
Loop: 354.0282278790255s
Allocation: 0.014155315002426505s
Vander: 0.10011608200147748s
--- Integrals ---
initial_int = 0.4999999975229161; final_int = 0.4999999974485095
--- Error ---
L2 error: Absolute 2.6548707483741325e-07; Relative 5.309741523053615e-07



Batch Job Summary Report (version 21.01.1) for Job "job_cpu.sh" (38708236) on daint

Job information (1/2)
-----------------------------------------------------------------------------------------------------
             Submit            Eligible               Start                 End    Elapsed Time limit
------------------- ------------------- ------------------- ------------------- ---------- ----------
2022-05-24T16:34:19 2022-05-24T16:34:19 2022-05-24T16:34:34 2022-05-24T16:44:43   00:10:09 1-00:00:00
-----------------------------------------------------------------------------------------------------

Job information (2/2)
-------------------------------------------------------------
    Username      Account    Partition   NNodes        Energy
------------ ------------ ------------ -------- -------------
     kszenes      csstaff       normal        1    140.234 kJ

