running build_ext
building '_GT_.stencils.compute_num_flux.m_compute_num_flux__gtcpu_ifirst_b6044658e5_pyext' extension
creating .gt_cache/py39_1013/gtcpu_ifirst/stencils/compute_num_flux/m_compute_num_flux__gtcpu_ifirst_b6044658e5_pyext_BUILD/.gt_cache
creating .gt_cache/py39_1013/gtcpu_ifirst/stencils/compute_num_flux/m_compute_num_flux__gtcpu_ifirst_b6044658e5_pyext_BUILD/.gt_cache/py39_1013
creating .gt_cache/py39_1013/gtcpu_ifirst/stencils/compute_num_flux/m_compute_num_flux__gtcpu_ifirst_b6044658e5_pyext_BUILD/.gt_cache/py39_1013/gtcpu_ifirst
creating .gt_cache/py39_1013/gtcpu_ifirst/stencils/compute_num_flux/m_compute_num_flux__gtcpu_ifirst_b6044658e5_pyext_BUILD/.gt_cache/py39_1013/gtcpu_ifirst/stencils
creating .gt_cache/py39_1013/gtcpu_ifirst/stencils/compute_num_flux/m_compute_num_flux__gtcpu_ifirst_b6044658e5_pyext_BUILD/.gt_cache/py39_1013/gtcpu_ifirst/stencils/compute_num_flux
creating .gt_cache/py39_1013/gtcpu_ifirst/stencils/compute_num_flux/m_compute_num_flux__gtcpu_ifirst_b6044658e5_pyext_BUILD/.gt_cache/py39_1013/gtcpu_ifirst/stencils/compute_num_flux/m_compute_num_flux__gtcpu_ifirst_b6044658e5_pyext_BUILD
gcc -pthread -Wno-unused-result -Wsign-compare -fwrapv -Wall -march=x86-64 -march=x86-64 -fPIC -I/opt/python/3.9.4.1/lib/python3.9/site-packages/pybind11/include -I/opt/python/3.9.4.1/lib/python3.9/site-packages/pybind11/include -I/apps/daint/UES/jenkins/7.0.UP03/21.09/daint-gpu/software/Boost/1.78.0-CrayGNU-21.09-python3/include -I/opt/python/3.9.4.1/include/python3.9 -c .gt_cache/py39_1013/gtcpu_ifirst/stencils/compute_num_flux/m_compute_num_flux__gtcpu_ifirst_b6044658e5_pyext_BUILD/bindings.cpp -o .gt_cache/py39_1013/gtcpu_ifirst/stencils/compute_num_flux/m_compute_num_flux__gtcpu_ifirst_b6044658e5_pyext_BUILD/.gt_cache/py39_1013/gtcpu_ifirst/stencils/compute_num_flux/m_compute_num_flux__gtcpu_ifirst_b6044658e5_pyext_BUILD/bindings.o -std=c++14 -ftemplate-depth=1024 -fvisibility=hidden -fPIC -isystem/scratch/snx3000/kszenes/gt4py/src/gt4py/_external_src/gridtools2/include -isystem/apps/daint/UES/jenkins/7.0.UP03/21.09/daint-gpu/software/Boost/1.78.0-CrayGNU-21.09-python3/include -DBOOST_PP_VARIADICS -O3 -DNDEBUG -fopenmp
creating .gt_cache/py39_1013/gtcpu_ifirst/stencils/compute_num_flux/m_compute_num_flux__gtcpu_ifirst_b6044658e5_pyext_BUILD/_GT_
creating .gt_cache/py39_1013/gtcpu_ifirst/stencils/compute_num_flux/m_compute_num_flux__gtcpu_ifirst_b6044658e5_pyext_BUILD/_GT_/stencils
creating .gt_cache/py39_1013/gtcpu_ifirst/stencils/compute_num_flux/m_compute_num_flux__gtcpu_ifirst_b6044658e5_pyext_BUILD/_GT_/stencils/compute_num_flux
g++ -pthread -shared -Wl,-rpath,/opt/python/3.9.4.1/lib,--build-id .gt_cache/py39_1013/gtcpu_ifirst/stencils/compute_num_flux/m_compute_num_flux__gtcpu_ifirst_b6044658e5_pyext_BUILD/.gt_cache/py39_1013/gtcpu_ifirst/stencils/compute_num_flux/m_compute_num_flux__gtcpu_ifirst_b6044658e5_pyext_BUILD/bindings.o -L/opt/python/3.9.4.1/lib -o .gt_cache/py39_1013/gtcpu_ifirst/stencils/compute_num_flux/m_compute_num_flux__gtcpu_ifirst_b6044658e5_pyext_BUILD/_GT_/stencils/compute_num_flux/m_compute_num_flux__gtcpu_ifirst_b6044658e5_pyext.cpython-39-x86_64-linux-gnu.so -O3 -DNDEBUG -fopenmp
copying .gt_cache/py39_1013/gtcpu_ifirst/stencils/compute_num_flux/m_compute_num_flux__gtcpu_ifirst_b6044658e5_pyext_BUILD/_GT_/stencils/compute_num_flux/m_compute_num_flux__gtcpu_ifirst_b6044658e5_pyext.cpython-39-x86_64-linux-gnu.so -> /users/kszenes/DG_code/gt4py/same_rank/linear_advection/.gt_cache/py39_1013/gtcpu_ifirst/stencils/compute_num_flux

--- Backend = gt:cpu_ifirst ---
Domain: nx = 20; ny = 20
Timesteping: courant = 0.01 dt = 0.00016666666666666666; niter = 6000
Diffusion constanc: alpha = 1.0
Order: space 3; time 3
--- Timings ---
Loop: 19.452023360994644s
Allocation: 0.002788760990370065s
Vander: 0.04700985999079421s
--- Integrals ---
initial_int = 0.07328057728824647; final_int = 0.07132250857651555
--- Error ---
L2 error: Absolute 0.006511195534935573; Relative 0.08885295088934718


--- Backend = gt:cpu_ifirst ---
Domain: nx = 40; ny = 40
Timesteping: courant = 0.01 dt = 8.333333333333333e-05; niter = 12000
Diffusion constanc: alpha = 1.0
Order: space 3; time 3
--- Timings ---
Loop: 40.78444231196772s
Allocation: 0.002945246989838779s
Vander: 0.05087843397632241s
--- Integrals ---
initial_int = 0.07356333414365818; final_int = 0.07345203213047972
--- Error ---
L2 error: Absolute 0.0010596651250116198; Relative 0.014404800126952545


--- Backend = gt:cpu_ifirst ---
Domain: nx = 80; ny = 80
Timesteping: courant = 0.01 dt = 4.1666666666666665e-05; niter = 24000
Diffusion constanc: alpha = 1.0
Order: space 3; time 3
--- Timings ---
Loop: 102.2367005989654s
Allocation: 0.005485486006364226s
Vander: 0.05644224403658882s
--- Integrals ---
initial_int = 0.07358372614276347; final_int = 0.07357857932123138
--- Error ---
L2 error: Absolute 0.00022861364110580314; Relative 0.003106850564515561


--- Backend = gt:cpu_ifirst ---
Domain: nx = 160; ny = 160
Timesteping: courant = 0.01 dt = 2.0833333333333333e-05; niter = 48000
Diffusion constanc: alpha = 1.0
Order: space 3; time 3
--- Timings ---
Loop: 519.641004751029s
Allocation: 0.014169123023748398s
Vander: 0.10817351099103689s
--- Integrals ---
initial_int = 0.07358506193982339; final_int = 0.0735848218334128
--- Error ---
L2 error: Absolute 5.323502317310964e-05; Relative 0.0007234487784578388


--- Backend = gt:cpu_ifirst ---
Domain: nx = 320; ny = 320
Timesteping: courant = 0.01 dt = 1.0416666666666666e-05; niter = 96000
Diffusion constanc: alpha = 1.0
Order: space 3; time 3
--- Timings ---
Loop: 3513.294649836025s
Allocation: 0.0503451629774645s
Vander: 0.26451414602342993s
--- Integrals ---
initial_int = 0.07358514716464781; final_int = 0.07358513541552737
--- Error ---
L2 error: Absolute 1.2631257115647207e-05; Relative 0.000171654982049361


--- Backend = gt:cpu_ifirst ---
Domain: nx = 640; ny = 640
Timesteping: courant = 0.01 dt = 5.208333333333333e-06; niter = 192000
Diffusion constanc: alpha = 1.0
Order: space 3; time 3
--- Timings ---
Loop: 28057.071740198007s
Allocation: 0.18875903997104615s
Vander: 0.8951473740162328s
--- Integrals ---
initial_int = 0.0735851525396938; final_int = 0.07358515193746057
--- Error ---
L2 error: Absolute 3.0092180775237562e-06; Relative 4.089436487748671e-05

