
--- Backend = gt:cpu_ifirst ---
Domain: nx = 20; ny = 20
Timesteping: courant = 0.01 dt = 0.00016666666666666666; niter = 6000
Diffusion constanc: alpha = 1.0
Order: space 3; time 1
--- Timings ---
Loop: 6.43161195301218s
Allocation: 0.0027609150274656713s
Vander: 0.049064180988352746s
--- Integrals ---
initial_int = 0.07328057728824647; final_int = 0.07561962937330309
--- Error ---
L2 error: Absolute 0.0071135346111740475; Relative 0.09707257877067779


--- Backend = gt:cpu_ifirst ---
Domain: nx = 40; ny = 40
Timesteping: courant = 0.01 dt = 8.333333333333333e-05; niter = 12000
Diffusion constanc: alpha = 1.0
Order: space 3; time 1
--- Timings ---
Loop: 13.332994179043453s
Allocation: 0.0029032420134171844s
Vander: 0.04789996601175517s
--- Integrals ---
initial_int = 0.07356333414365818; final_int = 0.07577465002154904
--- Error ---
L2 error: Absolute 0.003772983695209584; Relative 0.05128891640285787


--- Backend = gt:cpu_ifirst ---
Domain: nx = 80; ny = 80
Timesteping: courant = 0.01 dt = 4.1666666666666665e-05; niter = 24000
Diffusion constanc: alpha = 1.0
Order: space 3; time 1
--- Timings ---
Loop: 34.84069244301645s
Allocation: 0.005700166977476329s
Vander: 0.06118017702829093s
--- Integrals ---
initial_int = 0.07358372614276347; final_int = 0.07471614032701669
--- Error ---
L2 error: Absolute 0.001955784171008323; Relative 0.0265790314452656


--- Backend = gt:cpu_ifirst ---
Domain: nx = 160; ny = 160
Timesteping: courant = 0.01 dt = 2.0833333333333333e-05; niter = 48000
Diffusion constanc: alpha = 1.0
Order: space 3; time 1
--- Timings ---
Loop: 162.67527963896282s
Allocation: 0.01406159799080342s
Vander: 0.10197950701694936s
--- Integrals ---
initial_int = 0.07358506193982339; final_int = 0.07414422594471175
--- Error ---
L2 error: Absolute 0.000992844866475324; Relative 0.013492478504499401


--- Backend = gt:cpu_ifirst ---
Domain: nx = 320; ny = 320
Timesteping: courant = 0.01 dt = 1.0416666666666666e-05; niter = 96000
Diffusion constanc: alpha = 1.0
Order: space 3; time 1
--- Timings ---
Loop: 1179.9820412329864s
Allocation: 0.04947384697152302s
Vander: 0.25742713501676917s
--- Integrals ---
initial_int = 0.07358514716464781; final_int = 0.0738624518271352
--- Error ---
L2 error: Absolute 0.0005324046430141482; Relative 0.00723521883869968


--- Backend = gt:cpu_ifirst ---
Domain: nx = 640; ny = 640
Timesteping: courant = 0.01 dt = 5.208333333333333e-06; niter = 192000
Diffusion constanc: alpha = 1.0
Order: space 3; time 1
--- Timings ---
Loop: 9255.321099082008s
Allocation: 0.18747681798413396s
Vander: 0.9005460109910928s
--- Integrals ---
initial_int = 0.0735851525396938; final_int = 0.07374215865452641
--- Error ---
L2 error: Absolute 0.0016984662870940565; Relative 0.023081643897902612

